生成启动时间为 2020/3/28 21:11:38。
     1>项目“D:\VC++实验\第二次实验\MFCApplication3\MFCApplication3\MFCApplication3.vcxproj”在节点 2 上(Build 个目标)。
     1>ClCompile:
         C:\Program Files (x86)\Microsoft Visual Studio 12.0\VC\bin\CL.exe /c /ZI /nologo /W3 /WX- /sdl /Od /Oy- /D WIN32 /D _WINDOWS /D _DEBUG /D _UNICODE /D UNICODE /D _AFXDLL /Gm /EHsc /RTC1 /MDd /GS /fp:precise /Zc:wchar_t /Zc:forScope /Yu"stdafx.h" /Fp"Debug\MFCApplication3.pch" /Fo"Debug\\" /Fd"Debug\vc120.pdb" /Gd /TP /analyze- /errorReport:prompt MainFrm.cpp MFCApplication3.cpp MFCApplication3Doc.cpp
         MFCApplication3Doc.cpp
         MFCApplication3.cpp
         MainFrm.cpp
         正在生成代码...
       ResourceCompile:
         C:\Program Files (x86)\Windows Kits\8.1\bin\x86\rc.exe /D _DEBUG /D _UNICODE /D UNICODE /D _AFXDLL /l"0x0804" /IDebug\ /nologo /fo"Debug\MFCApplication3.res" MFCApplication3.rc 
       Link:
         C:\Program Files (x86)\Microsoft Visual Studio 12.0\VC\bin\link.exe /ERRORREPORT:PROMPT /OUT:"D:\VC++实验\第二次实验\MFCApplication3\Debug\MFCApplication3.exe" /INCREMENTAL /NOLOGO /MANIFEST /MANIFESTUAC:"level='asInvoker' uiAccess='false'" /manifest:embed /manifestinput:"C:\Program Files (x86)\Microsoft Visual Studio 12.0\VC\Include\Manifest\dpiaware.manifest" /DEBUG /PDB:"D:\VC++实验\第二次实验\MFCApplication3\Debug\MFCApplication3.pdb" /SUBSYSTEM:WINDOWS /TLBID:1 /ENTRY:"wWinMainCRTStartup" /DYNAMICBASE /NXCOMPAT /IMPLIB:"D:\VC++实验\第二次实验\MFCApplication3\Debug\MFCApplication3.lib" /MACHINE:X86 Debug\MFCApplication3.res
         Debug\MainFrm.obj
         Debug\MFCApplication3.obj
         Debug\MFCApplication3Doc.obj
         Debug\MFCApplication3View.obj
         Debug\stdafx.obj
         MFCApplication3.vcxproj -> D:\VC++实验\第二次实验\MFCApplication3\Debug\MFCApplication3.exe
     1>已完成生成项目“D:\VC++实验\第二次实验\MFCApplication3\MFCApplication3\MFCApplication3.vcxproj”(Build 个目标)的操作。

生成成功。

已用时间 00:00:06.60
